# JRE version: Java(TM) SE Runtime Environment (26.0.1+8) (build 26.0.1+8-34)
# Java VM: Java HotSpot(TM) 64-Bit Server VM (26.0.1+8-34, mixed mode, sharing, tiered, compressed oops, compressed class ptrs, g1 gc, windows-amd64)
GC Precious Log:
 CardTable entry size: 512
 Card Set container configuration: InlinePtr #cards 5 size 8 Array Of Cards #cards 10 size 36 Howl #buckets 4 coarsen threshold 1843 Howl Bitmap #cards 512 size 80 coarsen threshold 460 Card regions per heap region 1 cards per card region 2048
 CPUs: 8 total, 8 available
 Memory: 7931M
 Large Page Support: Disabled
 NUMA Support: Disabled
 Compressed Oops: Enabled (32-bit)
 Heap Region Size: 1M
 Heap Min Capacity: 8M
 Heap Initial Capacity: 8M
 Heap Max Capacity: 1984M
 Pre-touch: Disabled
 Parallel Workers: 8
 Concurrent Workers: 2
 Concurrent Refinement Workers: 8
 Periodic GC: Disabled
Heap:
 garbage-first heap   total reserved 2031616K, committed 110592K, used 48128K [0x0000000084000000, 0x0000000100000000)
  region size 1M, 23 eden (23M), 4 survivor (4M), 21 old (21M), 0 humongous (0M), 60 free (60M)
GC Heap Usage History (20 events):
Event: 10.781 {heap Before GC invocations=21 (full 0):
 garbage-first heap   total reserved 2031616K, committed 35840K, used 28793K [0x0000000084000000, 0x0000000100000000)
  region size 1M, 10 eden (10M), 2 survivor (2M), 17 old (17M), 0 humongous (0M), 6 free (6M)
}
Event: 10.792 {heap After GC invocations=22 (full 0):
 garbage-first heap   total reserved 2031616K, committed 35840K, used 20147K [0x0000000084000000, 0x0000000100000000)
  region size 1M, 0 eden (0M), 2 survivor (2M), 18 old (18M), 0 humongous (0M), 15 free (15M)
}
Event: 11.035 {heap Before GC invocations=22 (full 0):
 garbage-first heap   total reserved 2031616K, committed 35840K, used 29363K [0x0000000084000000, 0x0000000100000000)
  region size 1M, 9 eden (9M), 2 survivor (2M), 18 old (18M), 0 humongous (0M), 6 free (6M)
}
Event: 11.041 {heap After GC invocations=23 (full 0):
 garbage-first heap   total reserved 2031616K, committed 35840K, used 20980K [0x0000000084000000, 0x0000000100000000)
  region size 1M, 0 eden (0M), 1 survivor (1M), 20 old (20M), 0 humongous (0M), 14 free (14M)
}
Event: 11.187 {heap Before GC invocations=24 (full 0):
 garbage-first heap   total reserved 2031616K, committed 35840K, used 29172K [0x0000000084000000, 0x0000000100000000)
  region size 1M, 9 eden (9M), 1 survivor (1M), 20 old (20M), 0 humongous (0M), 5 free (5M)
}
Event: 11.190 {heap After GC invocations=25 (full 0):
 garbage-first heap   total reserved 2031616K, committed 35840K, used 21007K [0x0000000084000000, 0x0000000100000000)
  region size 1M, 0 eden (0M), 1 survivor (1M), 20 old (20M), 0 humongous (0M), 14 free (14M)
}
Event: 11.409 {heap Before GC invocations=25 (full 0):
 garbage-first heap   total reserved 2031616K, committed 35840K, used 30223K [0x0000000084000000, 0x0000000100000000)
  region size 1M, 9 eden (9M), 1 survivor (1M), 20 old (20M), 0 humongous (0M), 5 free (5M)
}
Event: 11.414 {heap After GC invocations=26 (full 0):
 garbage-first heap   total reserved 2031616K, committed 35840K, used 21024K [0x0000000084000000, 0x0000000100000000)
  region size 1M, 0 eden (0M), 2 survivor (2M), 20 old (20M), 0 humongous (0M), 13 free (13M)
}
Event: 11.607 {heap Before GC invocations=26 (full 0):
 garbage-first heap   total reserved 2031616K, committed 35840K, used 29216K [0x0000000084000000, 0x0000000100000000)
  region size 1M, 9 eden (9M), 2 survivor (2M), 20 old (20M), 0 humongous (0M), 4 free (4M)
}
Event: 11.611 {heap After GC invocations=27 (full 0):
 garbage-first heap   total reserved 2031616K, committed 35840K, used 22102K [0x0000000084000000, 0x0000000100000000)
  region size 1M, 0 eden (0M), 2 survivor (2M), 20 old (20M), 0 humongous (0M), 13 free (13M)
}
Event: 11.833 {heap Before GC invocations=28 (full 0):
 garbage-first heap   total reserved 2031616K, committed 35840K, used 31318K [0x0000000084000000, 0x0000000100000000)
  region size 1M, 9 eden (9M), 2 survivor (2M), 20 old (20M), 0 humongous (0M), 4 free (4M)
}
Event: 11.837 {heap After GC invocations=29 (full 0):
 garbage-first heap   total reserved 2031616K, committed 35840K, used 22308K [0x0000000084000000, 0x0000000100000000)
  region size 1M, 0 eden (0M), 2 survivor (2M), 21 old (21M), 0 humongous (0M), 12 free (12M)
}
Event: 12.163 {heap Before GC invocations=29 (full 0):
 garbage-first heap   total reserved 2031616K, committed 35840K, used 30500K [0x0000000084000000, 0x0000000100000000)
  region size 1M, 9 eden (9M), 2 survivor (2M), 21 old (21M), 0 humongous (0M), 3 free (3M)
}
Event: 12.172 {heap After GC invocations=30 (full 0):
 garbage-first heap   total reserved 2031616K, committed 36864K, used 21816K [0x0000000084000000, 0x0000000100000000)
  region size 1M, 0 eden (0M), 2 survivor (2M), 21 old (21M), 0 humongous (0M), 13 free (13M)
}
Event: 12.782 {heap Before GC invocations=30 (full 0):
 garbage-first heap   total reserved 2031616K, committed 36864K, used 32056K [0x0000000084000000, 0x0000000100000000)
  region size 1M, 10 eden (10M), 2 survivor (2M), 21 old (21M), 0 humongous (0M), 3 free (3M)
}
Event: 12.786 {heap After GC invocations=31 (full 0):
 garbage-first heap   total reserved 2031616K, committed 36864K, used 22079K [0x0000000084000000, 0x0000000100000000)
  region size 1M, 0 eden (0M), 1 survivor (1M), 21 old (21M), 0 humongous (0M), 14 free (14M)
}
Event: 15.430 {heap Before GC invocations=31 (full 0):
 garbage-first heap   total reserved 2031616K, committed 36864K, used 32319K [0x0000000084000000, 0x0000000100000000)
  region size 1M, 11 eden (11M), 1 survivor (1M), 21 old (21M), 0 humongous (0M), 3 free (3M)
}
Event: 15.436 {heap After GC invocations=32 (full 0):
 garbage-first heap   total reserved 2031616K, committed 110592K, used 22659K [0x0000000084000000, 0x0000000100000000)
  region size 1M, 0 eden (0M), 2 survivor (2M), 21 old (21M), 0 humongous (0M), 85 free (85M)
}
Event: 34.018 {heap Before GC invocations=33 (full 0):
 garbage-first heap   total reserved 2031616K, committed 110592K, used 85123K [0x0000000084000000, 0x0000000100000000)
  region size 1M, 62 eden (62M), 2 survivor (2M), 21 old (21M), 0 humongous (0M), 23 free (23M)
}
Event: 34.028 {heap After GC invocations=34 (full 0):
 garbage-first heap   total reserved 2031616K, committed 110592K, used 25600K [0x0000000084000000, 0x0000000100000000)
  region size 1M, 0 eden (0M), 4 survivor (4M), 21 old (21M), 0 humongous (0M), 83 free (83M)
}

